{"/Users/coletrammell/Documents/GitHub/The Cycle/src/react-backend/src/scrapers/gamesScraper.ts": {"path":"/Users/coletrammell/Documents/GitHub/The Cycle/src/react-backend/src/scrapers/gamesScraper.ts","statementMap":{"0":{"start":{"line":42,"column":0},"end":{"line":42,"column":7}},"1":{"start":{"line":1,"column":0},"end":{"line":1,"column":31}},"2":{"start":{"line":2,"column":0},"end":{"line":2,"column":35}},"3":{"start":{"line":3,"column":0},"end":{"line":3,"column":67}},"4":{"start":{"line":4,"column":0},"end":{"line":4,"column":49}},"5":{"start":{"line":7,"column":19},"end":{"line":18,"column":2}},"6":{"start":{"line":43,"column":2},"end":{"line":178,"column":3}},"7":{"start":{"line":44,"column":4},"end":{"line":44,"column":60}},"8":{"start":{"line":47,"column":24},"end":{"line":47,"column":84}},"9":{"start":{"line":48,"column":4},"end":{"line":51,"column":5}},"10":{"start":{"line":49,"column":6},"end":{"line":49,"column":79}},"11":{"start":{"line":50,"column":6},"end":{"line":50,"column":25}},"12":{"start":{"line":54,"column":4},"end":{"line":94,"column":5}},"13":{"start":{"line":55,"column":6},"end":{"line":55,"column":92}},"14":{"start":{"line":57,"column":36},"end":{"line":57,"column":72}},"15":{"start":{"line":58,"column":23},"end":{"line":58,"column":48}},"16":{"start":{"line":61,"column":29},"end":{"line":71,"column":8}},"17":{"start":{"line":62,"column":45},"end":{"line":66,"column":19}},"18":{"start":{"line":67,"column":49},"end":{"line":70,"column":19}},"19":{"start":{"line":73,"column":6},"end":{"line":89,"column":7}},"20":{"start":{"line":74,"column":8},"end":{"line":74,"column":153}},"21":{"start":{"line":78,"column":8},"end":{"line":78,"column":48}},"22":{"start":{"line":81,"column":8},"end":{"line":83,"column":9}},"23":{"start":{"line":82,"column":10},"end":{"line":82,"column":64}},"24":{"start":{"line":84,"column":8},"end":{"line":86,"column":9}},"25":{"start":{"line":85,"column":10},"end":{"line":85,"column":67}},"26":{"start":{"line":88,"column":8},"end":{"line":88,"column":30}},"27":{"start":{"line":90,"column":6},"end":{"line":90,"column":85}},"28":{"start":{"line":92,"column":6},"end":{"line":92,"column":74}},"29":{"start":{"line":93,"column":6},"end":{"line":93,"column":109}},"30":{"start":{"line":97,"column":4},"end":{"line":97,"column":107}},"31":{"start":{"line":100,"column":32},"end":{"line":149,"column":5}},"32":{"start":{"line":101,"column":6},"end":{"line":148,"column":9}},"33":{"start":{"line":104,"column":10},"end":{"line":141,"column":11}},"34":{"start":{"line":106,"column":41},"end":{"line":106,"column":78}},"35":{"start":{"line":107,"column":43},"end":{"line":107,"column":82}},"36":{"start":{"line":110,"column":12},"end":{"line":116,"column":13}},"37":{"start":{"line":111,"column":14},"end":{"line":111,"column":79}},"38":{"start":{"line":112,"column":14},"end":{"line":115,"column":16}},"39":{"start":{"line":119,"column":12},"end":{"line":119,"column":52}},"40":{"start":{"line":120,"column":32},"end":{"line":120,"column":81}},"41":{"start":{"line":121,"column":12},"end":{"line":121,"column":68}},"42":{"start":{"line":123,"column":12},"end":{"line":123,"column":54}},"43":{"start":{"line":124,"column":34},"end":{"line":124,"column":87}},"44":{"start":{"line":125,"column":12},"end":{"line":125,"column":72}},"45":{"start":{"line":128,"column":36},"end":{"line":131,"column":14}},"46":{"start":{"line":133,"column":12},"end":{"line":135,"column":13}},"47":{"start":{"line":134,"column":14},"end":{"line":134,"column":55}},"48":{"start":{"line":137,"column":12},"end":{"line":137,"column":35}},"49":{"start":{"line":139,"column":12},"end":{"line":139,"column":63}},"50":{"start":{"line":140,"column":12},"end":{"line":140,"column":24}},"51":{"start":{"line":146,"column":10},"end":{"line":146,"column":95}},"52":{"start":{"line":146,"column":27},"end":{"line":146,"column":87}},"53":{"start":{"line":151,"column":4},"end":{"line":172,"column":5}},"54":{"start":{"line":152,"column":27},"end":{"line":152,"column":94}},"55":{"start":{"line":155,"column":30},"end":{"line":155,"column":62}},"56":{"start":{"line":156,"column":32},"end":{"line":156,"column":66}},"57":{"start":{"line":158,"column":6},"end":{"line":161,"column":7}},"58":{"start":{"line":159,"column":8},"end":{"line":160,"column":75}},"59":{"start":{"line":163,"column":6},"end":{"line":166,"column":8}},"60":{"start":{"line":168,"column":6},"end":{"line":168,"column":72}},"61":{"start":{"line":170,"column":6},"end":{"line":170,"column":76}},"62":{"start":{"line":171,"column":6},"end":{"line":171,"column":24}},"63":{"start":{"line":174,"column":4},"end":{"line":174,"column":57}},"64":{"start":{"line":176,"column":4},"end":{"line":176,"column":57}},"65":{"start":{"line":177,"column":4},"end":{"line":177,"column":22}},"66":{"start":{"line":185,"column":2},"end":{"line":284,"column":3}},"67":{"start":{"line":187,"column":25},"end":{"line":187,"column":62}},"68":{"start":{"line":188,"column":4},"end":{"line":191,"column":5}},"69":{"start":{"line":189,"column":6},"end":{"line":189,"column":52}},"70":{"start":{"line":190,"column":6},"end":{"line":190,"column":26}},"71":{"start":{"line":194,"column":17},"end":{"line":206,"column":6}},"72":{"start":{"line":195,"column":23},"end":{"line":199,"column":8}},"73":{"start":{"line":201,"column":6},"end":{"line":203,"column":7}},"74":{"start":{"line":202,"column":8},"end":{"line":202,"column":66}},"75":{"start":{"line":205,"column":6},"end":{"line":205,"column":29}},"76":{"start":{"line":207,"column":14},"end":{"line":207,"column":32}},"77":{"start":{"line":209,"column":26},"end":{"line":209,"column":28}},"78":{"start":{"line":212,"column":22},"end":{"line":212,"column":72}},"79":{"start":{"line":214,"column":4},"end":{"line":270,"column":7}},"80":{"start":{"line":215,"column":6},"end":{"line":269,"column":7}},"81":{"start":{"line":217,"column":57},"end":{"line":217,"column":68}},"82":{"start":{"line":218,"column":25},"end":{"line":218,"column":27}},"83":{"start":{"line":220,"column":27},"end":{"line":220,"column":103}},"84":{"start":{"line":221,"column":8},"end":{"line":221,"column":60}},"85":{"start":{"line":223,"column":8},"end":{"line":224,"column":83}},"86":{"start":{"line":223,"column":42},"end":{"line":223,"column":63}},"87":{"start":{"line":224,"column":13},"end":{"line":224,"column":83}},"88":{"start":{"line":224,"column":67},"end":{"line":224,"column":83}},"89":{"start":{"line":227,"column":8},"end":{"line":227,"column":43}},"90":{"start":{"line":227,"column":36},"end":{"line":227,"column":43}},"91":{"start":{"line":230,"column":26},"end":{"line":230,"column":114}},"92":{"start":{"line":231,"column":8},"end":{"line":231,"column":43}},"93":{"start":{"line":231,"column":36},"end":{"line":231,"column":43}},"94":{"start":{"line":233,"column":25},"end":{"line":233,"column":54}},"95":{"start":{"line":234,"column":25},"end":{"line":234,"column":54}},"96":{"start":{"line":236,"column":8},"end":{"line":236,"column":43}},"97":{"start":{"line":236,"column":36},"end":{"line":236,"column":43}},"98":{"start":{"line":240,"column":27},"end":{"line":240,"column":96}},"99":{"start":{"line":241,"column":8},"end":{"line":244,"column":9}},"100":{"start":{"line":242,"column":10},"end":{"line":242,"column":67}},"101":{"start":{"line":243,"column":10},"end":{"line":243,"column":67}},"102":{"start":{"line":247,"column":19},"end":{"line":247,"column":29}},"103":{"start":{"line":248,"column":8},"end":{"line":250,"column":9}},"104":{"start":{"line":249,"column":10},"end":{"line":249,"column":43}},"105":{"start":{"line":251,"column":24},"end":{"line":251,"column":56}},"106":{"start":{"line":253,"column":8},"end":{"line":264,"column":9}},"107":{"start":{"line":254,"column":10},"end":{"line":263,"column":13}},"108":{"start":{"line":266,"column":8},"end":{"line":266,"column":44}},"109":{"start":{"line":266,"column":31},"end":{"line":266,"column":44}},"110":{"start":{"line":268,"column":8},"end":{"line":268,"column":55}},"111":{"start":{"line":273,"column":4},"end":{"line":278,"column":5}},"112":{"start":{"line":274,"column":6},"end":{"line":274,"column":58}},"113":{"start":{"line":275,"column":6},"end":{"line":275,"column":44}},"114":{"start":{"line":277,"column":6},"end":{"line":277,"column":52}},"115":{"start":{"line":280,"column":4},"end":{"line":280,"column":17}},"116":{"start":{"line":282,"column":4},"end":{"line":282,"column":57}},"117":{"start":{"line":283,"column":4},"end":{"line":283,"column":14}},"118":{"start":{"line":291,"column":2},"end":{"line":376,"column":3}},"119":{"start":{"line":293,"column":27},"end":{"line":293,"column":66}},"120":{"start":{"line":294,"column":4},"end":{"line":297,"column":5}},"121":{"start":{"line":295,"column":6},"end":{"line":295,"column":54}},"122":{"start":{"line":296,"column":6},"end":{"line":296,"column":28}},"123":{"start":{"line":300,"column":17},"end":{"line":312,"column":6}},"124":{"start":{"line":301,"column":23},"end":{"line":305,"column":8}},"125":{"start":{"line":307,"column":6},"end":{"line":309,"column":7}},"126":{"start":{"line":308,"column":8},"end":{"line":308,"column":66}},"127":{"start":{"line":311,"column":6},"end":{"line":311,"column":29}},"128":{"start":{"line":313,"column":14},"end":{"line":313,"column":32}},"129":{"start":{"line":315,"column":26},"end":{"line":315,"column":28}},"130":{"start":{"line":316,"column":18},"end":{"line":316,"column":28}},"131":{"start":{"line":317,"column":21},"end":{"line":317,"column":54}},"132":{"start":{"line":320,"column":24},"end":{"line":320,"column":74}},"133":{"start":{"line":322,"column":4},"end":{"line":362,"column":7}},"134":{"start":{"line":323,"column":6},"end":{"line":361,"column":7}},"135":{"start":{"line":325,"column":23},"end":{"line":325,"column":25}},"136":{"start":{"line":325,"column":38},"end":{"line":325,"column":40}},"137":{"start":{"line":327,"column":26},"end":{"line":327,"column":115}},"138":{"start":{"line":328,"column":8},"end":{"line":339,"column":9}},"139":{"start":{"line":329,"column":10},"end":{"line":329,"column":51}},"140":{"start":{"line":330,"column":10},"end":{"line":330,"column":51}},"141":{"start":{"line":333,"column":24},"end":{"line":333,"column":39}},"142":{"start":{"line":334,"column":24},"end":{"line":334,"column":43}},"143":{"start":{"line":335,"column":10},"end":{"line":338,"column":11}},"144":{"start":{"line":336,"column":12},"end":{"line":336,"column":39}},"145":{"start":{"line":337,"column":12},"end":{"line":337,"column":39}},"146":{"start":{"line":341,"column":8},"end":{"line":341,"column":43}},"147":{"start":{"line":341,"column":36},"end":{"line":341,"column":43}},"148":{"start":{"line":344,"column":19},"end":{"line":344,"column":21}},"149":{"start":{"line":345,"column":25},"end":{"line":345,"column":98}},"150":{"start":{"line":346,"column":8},"end":{"line":346,"column":38}},"151":{"start":{"line":348,"column":8},"end":{"line":356,"column":11}},"152":{"start":{"line":358,"column":8},"end":{"line":358,"column":44}},"153":{"start":{"line":358,"column":31},"end":{"line":358,"column":44}},"154":{"start":{"line":360,"column":8},"end":{"line":360,"column":56}},"155":{"start":{"line":365,"column":4},"end":{"line":370,"column":5}},"156":{"start":{"line":366,"column":6},"end":{"line":366,"column":60}},"157":{"start":{"line":367,"column":6},"end":{"line":367,"column":46}},"158":{"start":{"line":369,"column":6},"end":{"line":369,"column":54}},"159":{"start":{"line":372,"column":4},"end":{"line":372,"column":17}},"160":{"start":{"line":374,"column":4},"end":{"line":374,"column":59}},"161":{"start":{"line":375,"column":4},"end":{"line":375,"column":14}},"162":{"start":{"line":380,"column":49},"end":{"line":380,"column":51}},"163":{"start":{"line":388,"column":2},"end":{"line":390,"column":3}},"164":{"start":{"line":389,"column":4},"end":{"line":389,"column":35}},"165":{"start":{"line":393,"column":47},"end":{"line":425,"column":4}},"166":{"start":{"line":428,"column":29},"end":{"line":428,"column":44}},"167":{"start":{"line":429,"column":15},"end":{"line":431,"column":83}},"168":{"start":{"line":434,"column":2},"end":{"line":434,"column":33}},"169":{"start":{"line":436,"column":2},"end":{"line":436,"column":14}}},"fnMap":{"0":{"name":"scrapeGames","decl":{"start":{"line":42,"column":22},"end":{"line":42,"column":33}},"loc":{"start":{"line":42,"column":33},"end":{"line":179,"column":1}}},"1":{"name":"(anonymous_11)","decl":{"start":{"line":57,"column":36},"end":{"line":57,"column":49}},"loc":{"start":{"line":57,"column":36},"end":{"line":57,"column":72}}},"2":{"name":"(anonymous_12)","decl":{"start":{"line":62,"column":36},"end":{"line":62,"column":40}},"loc":{"start":{"line":62,"column":45},"end":{"line":66,"column":19}}},"3":{"name":"(anonymous_13)","decl":{"start":{"line":67,"column":40},"end":{"line":67,"column":44}},"loc":{"start":{"line":67,"column":49},"end":{"line":70,"column":19}}},"4":{"name":"(anonymous_14)","decl":{"start":{"line":100,"column":32},"end":{"line":100,"column":37}},"loc":{"start":{"line":100,"column":43},"end":{"line":149,"column":5}}},"5":{"name":"(anonymous_15)","decl":{"start":{"line":103,"column":9},"end":{"line":103,"column":14}},"loc":{"start":{"line":103,"column":20},"end":{"line":142,"column":9}}},"6":{"name":"(anonymous_16)","decl":{"start":{"line":145,"column":20},"end":{"line":145,"column":21}},"loc":{"start":{"line":146,"column":10},"end":{"line":146,"column":95}}},"7":{"name":"(anonymous_17)","decl":{"start":{"line":146,"column":21},"end":{"line":146,"column":24}},"loc":{"start":{"line":146,"column":27},"end":{"line":146,"column":87}}},"8":{"name":"scrapeRecentGames","decl":{"start":{"line":184,"column":15},"end":{"line":184,"column":32}},"loc":{"start":{"line":184,"column":32},"end":{"line":285,"column":1}}},"9":{"name":"(anonymous_19)","decl":{"start":{"line":194,"column":33},"end":{"line":194,"column":38}},"loc":{"start":{"line":194,"column":44},"end":{"line":206,"column":5}}},"10":{"name":"(anonymous_20)","decl":{"start":{"line":214,"column":19},"end":{"line":214,"column":20}},"loc":{"start":{"line":214,"column":31},"end":{"line":270,"column":5}}},"11":{"name":"scrapeUpcomingGames","decl":{"start":{"line":290,"column":15},"end":{"line":290,"column":34}},"loc":{"start":{"line":290,"column":34},"end":{"line":377,"column":1}}},"12":{"name":"(anonymous_22)","decl":{"start":{"line":300,"column":33},"end":{"line":300,"column":38}},"loc":{"start":{"line":300,"column":44},"end":{"line":312,"column":5}}},"13":{"name":"(anonymous_23)","decl":{"start":{"line":322,"column":21},"end":{"line":322,"column":22}},"loc":{"start":{"line":322,"column":34},"end":{"line":362,"column":5}}},"14":{"name":"getTeamCodeFromName","decl":{"start":{"line":386,"column":9},"end":{"line":386,"column":28}},"loc":{"start":{"line":386,"column":45},"end":{"line":437,"column":1}}}},"branchMap":{"0":{"loc":{"start":{"line":48,"column":4},"end":{"line":51,"column":5}},"type":"if","locations":[{"start":{"line":48,"column":4},"end":{"line":51,"column":5}}]},"1":{"loc":{"start":{"line":64,"column":18},"end":{"line":65,"column":63}},"type":"cond-expr","locations":[{"start":{"line":64,"column":48},"end":{"line":64,"column":59}},{"start":{"line":65,"column":18},"end":{"line":65,"column":63}}]},"2":{"loc":{"start":{"line":65,"column":18},"end":{"line":65,"column":63}},"type":"cond-expr","locations":[{"start":{"line":65,"column":43},"end":{"line":65,"column":49}},{"start":{"line":65,"column":52},"end":{"line":65,"column":63}}]},"3":{"loc":{"start":{"line":69,"column":18},"end":{"line":69,"column":63}},"type":"cond-expr","locations":[{"start":{"line":69,"column":43},"end":{"line":69,"column":49}},{"start":{"line":69,"column":52},"end":{"line":69,"column":63}}]},"4":{"loc":{"start":{"line":73,"column":6},"end":{"line":89,"column":7}},"type":"if","locations":[{"start":{"line":73,"column":6},"end":{"line":89,"column":7}}]},"5":{"loc":{"start":{"line":73,"column":10},"end":{"line":73,"column":80}},"type":"binary-expr","locations":[{"start":{"line":73,"column":10},"end":{"line":73,"column":42}},{"start":{"line":73,"column":46},"end":{"line":73,"column":80}}]},"6":{"loc":{"start":{"line":81,"column":8},"end":{"line":83,"column":9}},"type":"if","locations":[{"start":{"line":81,"column":8},"end":{"line":83,"column":9}}]},"7":{"loc":{"start":{"line":84,"column":8},"end":{"line":86,"column":9}},"type":"if","locations":[{"start":{"line":84,"column":8},"end":{"line":86,"column":9}}]},"8":{"loc":{"start":{"line":110,"column":12},"end":{"line":116,"column":13}},"type":"if","locations":[{"start":{"line":110,"column":12},"end":{"line":116,"column":13}}]},"9":{"loc":{"start":{"line":110,"column":16},"end":{"line":110,"column":62}},"type":"binary-expr","locations":[{"start":{"line":110,"column":16},"end":{"line":110,"column":36}},{"start":{"line":110,"column":40},"end":{"line":110,"column":62}}]},"10":{"loc":{"start":{"line":120,"column":32},"end":{"line":120,"column":81}},"type":"binary-expr","locations":[{"start":{"line":120,"column":32},"end":{"line":120,"column":52}},{"start":{"line":120,"column":56},"end":{"line":120,"column":81}}]},"11":{"loc":{"start":{"line":124,"column":34},"end":{"line":124,"column":87}},"type":"binary-expr","locations":[{"start":{"line":124,"column":34},"end":{"line":124,"column":56}},{"start":{"line":124,"column":60},"end":{"line":124,"column":87}}]},"12":{"loc":{"start":{"line":133,"column":12},"end":{"line":135,"column":13}},"type":"if","locations":[{"start":{"line":133,"column":12},"end":{"line":135,"column":13}}]},"13":{"loc":{"start":{"line":133,"column":16},"end":{"line":133,"column":66}},"type":"binary-expr","locations":[{"start":{"line":133,"column":16},"end":{"line":133,"column":38}},{"start":{"line":133,"column":42},"end":{"line":133,"column":66}}]},"14":{"loc":{"start":{"line":158,"column":6},"end":{"line":161,"column":7}},"type":"if","locations":[{"start":{"line":158,"column":6},"end":{"line":161,"column":7}}]},"15":{"loc":{"start":{"line":158,"column":10},"end":{"line":158,"column":46}},"type":"binary-expr","locations":[{"start":{"line":158,"column":10},"end":{"line":158,"column":25}},{"start":{"line":158,"column":29},"end":{"line":158,"column":46}}]},"16":{"loc":{"start":{"line":159,"column":29},"end":{"line":160,"column":71}},"type":"cond-expr","locations":[{"start":{"line":159,"column":68},"end":{"line":159,"column":83}},{"start":{"line":160,"column":10},"end":{"line":160,"column":71}}]},"17":{"loc":{"start":{"line":159,"column":29},"end":{"line":159,"column":65}},"type":"binary-expr","locations":[{"start":{"line":159,"column":29},"end":{"line":159,"column":44}},{"start":{"line":159,"column":48},"end":{"line":159,"column":65}}]},"18":{"loc":{"start":{"line":160,"column":10},"end":{"line":160,"column":71}},"type":"cond-expr","locations":[{"start":{"line":160,"column":28},"end":{"line":160,"column":47}},{"start":{"line":160,"column":50},"end":{"line":160,"column":71}}]},"19":{"loc":{"start":{"line":164,"column":16},"end":{"line":164,"column":73}},"type":"cond-expr","locations":[{"start":{"line":164,"column":34},"end":{"line":164,"column":51}},{"start":{"line":164,"column":54},"end":{"line":164,"column":73}}]},"20":{"loc":{"start":{"line":165,"column":18},"end":{"line":165,"column":81}},"type":"cond-expr","locations":[{"start":{"line":165,"column":38},"end":{"line":165,"column":57}},{"start":{"line":165,"column":60},"end":{"line":165,"column":81}}]},"21":{"loc":{"start":{"line":188,"column":4},"end":{"line":191,"column":5}},"type":"if","locations":[{"start":{"line":188,"column":4},"end":{"line":191,"column":5}}]},"22":{"loc":{"start":{"line":201,"column":6},"end":{"line":203,"column":7}},"type":"if","locations":[{"start":{"line":201,"column":6},"end":{"line":203,"column":7}}]},"23":{"loc":{"start":{"line":223,"column":8},"end":{"line":224,"column":83}},"type":"if","locations":[{"start":{"line":223,"column":8},"end":{"line":224,"column":83}},{"start":{"line":224,"column":13},"end":{"line":224,"column":83}}]},"24":{"loc":{"start":{"line":224,"column":13},"end":{"line":224,"column":83}},"type":"if","locations":[{"start":{"line":224,"column":13},"end":{"line":224,"column":83}}]},"25":{"loc":{"start":{"line":227,"column":8},"end":{"line":227,"column":43}},"type":"if","locations":[{"start":{"line":227,"column":8},"end":{"line":227,"column":43}}]},"26":{"loc":{"start":{"line":231,"column":8},"end":{"line":231,"column":43}},"type":"if","locations":[{"start":{"line":231,"column":8},"end":{"line":231,"column":43}}]},"27":{"loc":{"start":{"line":236,"column":8},"end":{"line":236,"column":43}},"type":"if","locations":[{"start":{"line":236,"column":8},"end":{"line":236,"column":43}}]},"28":{"loc":{"start":{"line":236,"column":12},"end":{"line":236,"column":34}},"type":"binary-expr","locations":[{"start":{"line":236,"column":12},"end":{"line":236,"column":21}},{"start":{"line":236,"column":25},"end":{"line":236,"column":34}}]},"29":{"loc":{"start":{"line":241,"column":8},"end":{"line":244,"column":9}},"type":"if","locations":[{"start":{"line":241,"column":8},"end":{"line":244,"column":9}}]},"30":{"loc":{"start":{"line":248,"column":8},"end":{"line":250,"column":9}},"type":"if","locations":[{"start":{"line":248,"column":8},"end":{"line":250,"column":9}}]},"31":{"loc":{"start":{"line":253,"column":8},"end":{"line":264,"column":9}},"type":"if","locations":[{"start":{"line":253,"column":8},"end":{"line":264,"column":9}}]},"32":{"loc":{"start":{"line":253,"column":12},"end":{"line":253,"column":104}},"type":"binary-expr","locations":[{"start":{"line":253,"column":12},"end":{"line":253,"column":35}},{"start":{"line":253,"column":39},"end":{"line":253,"column":62}},{"start":{"line":253,"column":66},"end":{"line":253,"column":83}},{"start":{"line":253,"column":87},"end":{"line":253,"column":104}}]},"33":{"loc":{"start":{"line":266,"column":8},"end":{"line":266,"column":44}},"type":"if","locations":[{"start":{"line":266,"column":8},"end":{"line":266,"column":44}}]},"34":{"loc":{"start":{"line":273,"column":4},"end":{"line":278,"column":5}},"type":"if","locations":[{"start":{"line":273,"column":4},"end":{"line":278,"column":5}},{"start":{"line":276,"column":11},"end":{"line":278,"column":5}}]},"35":{"loc":{"start":{"line":294,"column":4},"end":{"line":297,"column":5}},"type":"if","locations":[{"start":{"line":294,"column":4},"end":{"line":297,"column":5}}]},"36":{"loc":{"start":{"line":307,"column":6},"end":{"line":309,"column":7}},"type":"if","locations":[{"start":{"line":307,"column":6},"end":{"line":309,"column":7}}]},"37":{"loc":{"start":{"line":328,"column":8},"end":{"line":339,"column":9}},"type":"if","locations":[{"start":{"line":328,"column":8},"end":{"line":339,"column":9}},{"start":{"line":331,"column":15},"end":{"line":339,"column":9}}]},"38":{"loc":{"start":{"line":335,"column":10},"end":{"line":338,"column":11}},"type":"if","locations":[{"start":{"line":335,"column":10},"end":{"line":338,"column":11}}]},"39":{"loc":{"start":{"line":341,"column":8},"end":{"line":341,"column":43}},"type":"if","locations":[{"start":{"line":341,"column":8},"end":{"line":341,"column":43}}]},"40":{"loc":{"start":{"line":341,"column":12},"end":{"line":341,"column":34}},"type":"binary-expr","locations":[{"start":{"line":341,"column":12},"end":{"line":341,"column":21}},{"start":{"line":341,"column":25},"end":{"line":341,"column":34}}]},"41":{"loc":{"start":{"line":358,"column":8},"end":{"line":358,"column":44}},"type":"if","locations":[{"start":{"line":358,"column":8},"end":{"line":358,"column":44}}]},"42":{"loc":{"start":{"line":365,"column":4},"end":{"line":370,"column":5}},"type":"if","locations":[{"start":{"line":365,"column":4},"end":{"line":370,"column":5}},{"start":{"line":368,"column":11},"end":{"line":370,"column":5}}]},"43":{"loc":{"start":{"line":388,"column":2},"end":{"line":390,"column":3}},"type":"if","locations":[{"start":{"line":388,"column":2},"end":{"line":390,"column":3}}]},"44":{"loc":{"start":{"line":429,"column":15},"end":{"line":431,"column":83}},"type":"binary-expr","locations":[{"start":{"line":429,"column":15},"end":{"line":429,"column":44}},{"start":{"line":430,"column":15},"end":{"line":430,"column":58}},{"start":{"line":431,"column":15},"end":{"line":431,"column":83}}]}},"s":{"0":2,"1":2,"2":2,"3":2,"4":2,"5":2,"6":4,"7":4,"8":4,"9":4,"10":4,"11":4,"12":0,"13":0,"14":0,"15":0,"16":0,"17":0,"18":0,"19":0,"20":0,"21":0,"22":0,"23":0,"24":0,"25":0,"26":0,"27":0,"28":0,"29":0,"30":0,"31":0,"32":0,"33":0,"34":0,"35":0,"36":0,"37":0,"38":0,"39":0,"40":0,"41":0,"42":0,"43":0,"44":0,"45":0,"46":0,"47":0,"48":0,"49":0,"50":0,"51":0,"52":0,"53":0,"54":0,"55":0,"56":0,"57":0,"58":0,"59":0,"60":0,"61":0,"62":0,"63":0,"64":0,"65":0,"66":0,"67":0,"68":0,"69":0,"70":0,"71":0,"72":0,"73":0,"74":0,"75":0,"76":0,"77":0,"78":0,"79":0,"80":0,"81":0,"82":0,"83":0,"84":0,"85":0,"86":0,"87":0,"88":0,"89":0,"90":0,"91":0,"92":0,"93":0,"94":0,"95":0,"96":0,"97":0,"98":0,"99":0,"100":0,"101":0,"102":0,"103":0,"104":0,"105":0,"106":0,"107":0,"108":0,"109":0,"110":0,"111":0,"112":0,"113":0,"114":0,"115":0,"116":0,"117":0,"118":0,"119":0,"120":0,"121":0,"122":0,"123":0,"124":0,"125":0,"126":0,"127":0,"128":0,"129":0,"130":0,"131":0,"132":0,"133":0,"134":0,"135":0,"136":0,"137":0,"138":0,"139":0,"140":0,"141":0,"142":0,"143":0,"144":0,"145":0,"146":0,"147":0,"148":0,"149":0,"150":0,"151":0,"152":0,"153":0,"154":0,"155":0,"156":0,"157":0,"158":0,"159":0,"160":0,"161":0,"162":2,"163":0,"164":0,"165":0,"166":0,"167":0,"168":0,"169":0},"f":{"0":4,"1":0,"2":0,"3":0,"4":0,"5":0,"6":0,"7":0,"8":0,"9":0,"10":0,"11":0,"12":0,"13":0,"14":0},"b":{"0":[4],"1":[0,0],"2":[0,0],"3":[0,0],"4":[0],"5":[0,0],"6":[0],"7":[0],"8":[0],"9":[0,0],"10":[0,0],"11":[0,0],"12":[0],"13":[0,0],"14":[0],"15":[0,0],"16":[0,0],"17":[0,0],"18":[0,0],"19":[0,0],"20":[0,0],"21":[0],"22":[0],"23":[0,0],"24":[0],"25":[0],"26":[0],"27":[0],"28":[0,0],"29":[0],"30":[0],"31":[0],"32":[0,0,0,0],"33":[0],"34":[0,0],"35":[0],"36":[0],"37":[0,0],"38":[0],"39":[0],"40":[0,0],"41":[0],"42":[0,0],"43":[0],"44":[0,0,0]}}
,"/Users/coletrammell/Documents/GitHub/The Cycle/src/react-backend/src/scrapers/mlbStatsApiService.ts": {"path":"/Users/coletrammell/Documents/GitHub/The Cycle/src/react-backend/src/scrapers/mlbStatsApiService.ts","statementMap":{"0":{"start":{"line":9,"column":0},"end":{"line":9,"column":7}},"1":{"start":{"line":147,"column":0},"end":{"line":147,"column":7}},"2":{"start":{"line":267,"column":0},"end":{"line":267,"column":7}},"3":{"start":{"line":1,"column":0},"end":{"line":1,"column":31}},"4":{"start":{"line":14,"column":2},"end":{"line":22,"column":3}},"5":{"start":{"line":15,"column":4},"end":{"line":15,"column":22}},"6":{"start":{"line":17,"column":4},"end":{"line":17,"column":34}},"7":{"start":{"line":17,"column":22},"end":{"line":17,"column":34}},"8":{"start":{"line":19,"column":4},"end":{"line":19,"column":89}},"9":{"start":{"line":20,"column":4},"end":{"line":20,"column":61}},"10":{"start":{"line":20,"column":33},"end":{"line":20,"column":59}},"11":{"start":{"line":21,"column":4},"end":{"line":21,"column":51}},"12":{"start":{"line":29,"column":2},"end":{"line":43,"column":5}},"13":{"start":{"line":30,"column":4},"end":{"line":30,"column":49}},"14":{"start":{"line":31,"column":21},"end":{"line":36,"column":6}},"15":{"start":{"line":38,"column":4},"end":{"line":40,"column":5}},"16":{"start":{"line":39,"column":6},"end":{"line":39,"column":84}},"17":{"start":{"line":42,"column":4},"end":{"line":42,"column":27}},"18":{"start":{"line":47,"column":54},"end":{"line":78,"column":2}},"19":{"start":{"line":134,"column":47},"end":{"line":141,"column":2}},"20":{"start":{"line":148,"column":2},"end":{"line":208,"column":3}},"21":{"start":{"line":149,"column":4},"end":{"line":149,"column":60}},"22":{"start":{"line":152,"column":21},"end":{"line":152,"column":94}},"23":{"start":{"line":154,"column":4},"end":{"line":156,"column":5}},"24":{"start":{"line":155,"column":6},"end":{"line":155,"column":76}},"25":{"start":{"line":158,"column":17},"end":{"line":158,"column":56}},"26":{"start":{"line":160,"column":4},"end":{"line":162,"column":5}},"27":{"start":{"line":161,"column":6},"end":{"line":161,"column":61}},"28":{"start":{"line":164,"column":50},"end":{"line":164,"column":52}},"29":{"start":{"line":167,"column":4},"end":{"line":200,"column":5}},"30":{"start":{"line":168,"column":27},"end":{"line":168,"column":85}},"31":{"start":{"line":169,"column":36},"end":{"line":169,"column":38}},"32":{"start":{"line":172,"column":26},"end":{"line":176,"column":8}},"33":{"start":{"line":173,"column":8},"end":{"line":173,"column":43}},"34":{"start":{"line":173,"column":33},"end":{"line":173,"column":43}},"35":{"start":{"line":174,"column":8},"end":{"line":174,"column":42}},"36":{"start":{"line":174,"column":33},"end":{"line":174,"column":42}},"37":{"start":{"line":175,"column":8},"end":{"line":175,"column":65}},"38":{"start":{"line":178,"column":6},"end":{"line":192,"column":7}},"39":{"start":{"line":180,"column":29},"end":{"line":180,"column":94}},"40":{"start":{"line":180,"column":73},"end":{"line":180,"column":93}},"41":{"start":{"line":181,"column":23},"end":{"line":181,"column":95}},"42":{"start":{"line":183,"column":8},"end":{"line":191,"column":11}},"43":{"start":{"line":194,"column":6},"end":{"line":199,"column":7}},"44":{"start":{"line":195,"column":8},"end":{"line":198,"column":11}},"45":{"start":{"line":202,"column":4},"end":{"line":202,"column":92}},"46":{"start":{"line":203,"column":4},"end":{"line":203,"column":29}},"47":{"start":{"line":206,"column":4},"end":{"line":206,"column":63}},"48":{"start":{"line":207,"column":4},"end":{"line":207,"column":16}},"49":{"start":{"line":268,"column":2},"end":{"line":339,"column":3}},"50":{"start":{"line":269,"column":4},"end":{"line":269,"column":56}},"51":{"start":{"line":272,"column":18},"end":{"line":272,"column":28}},"52":{"start":{"line":273,"column":22},"end":{"line":273,"column":37}},"53":{"start":{"line":274,"column":4},"end":{"line":274,"column":47}},"54":{"start":{"line":275,"column":21},"end":{"line":275,"column":36}},"55":{"start":{"line":276,"column":4},"end":{"line":276,"column":45}},"56":{"start":{"line":278,"column":22},"end":{"line":278,"column":59}},"57":{"start":{"line":279,"column":20},"end":{"line":279,"column":56}},"58":{"start":{"line":282,"column":19},"end":{"line":282,"column":113}},"59":{"start":{"line":283,"column":17},"end":{"line":283,"column":68}},"60":{"start":{"line":285,"column":27},"end":{"line":285,"column":29}},"61":{"start":{"line":286,"column":29},"end":{"line":286,"column":31}},"62":{"start":{"line":289,"column":4},"end":{"line":327,"column":5}},"63":{"start":{"line":290,"column":6},"end":{"line":326,"column":7}},"64":{"start":{"line":292,"column":8},"end":{"line":295,"column":9}},"65":{"start":{"line":293,"column":10},"end":{"line":293,"column":76}},"66":{"start":{"line":294,"column":10},"end":{"line":294,"column":19}},"67":{"start":{"line":297,"column":25},"end":{"line":297,"column":48}},"68":{"start":{"line":298,"column":34},"end":{"line":298,"column":63}},"69":{"start":{"line":300,"column":31},"end":{"line":307,"column":10}},"70":{"start":{"line":310,"column":8},"end":{"line":325,"column":9}},"71":{"start":{"line":311,"column":10},"end":{"line":311,"column":58}},"72":{"start":{"line":312,"column":10},"end":{"line":312,"column":58}},"73":{"start":{"line":313,"column":10},"end":{"line":313,"column":40}},"74":{"start":{"line":314,"column":10},"end":{"line":314,"column":32}},"75":{"start":{"line":315,"column":15},"end":{"line":325,"column":9}},"76":{"start":{"line":317,"column":23},"end":{"line":321,"column":12}},"77":{"start":{"line":322,"column":10},"end":{"line":322,"column":31}},"78":{"start":{"line":323,"column":10},"end":{"line":323,"column":80}},"79":{"start":{"line":324,"column":10},"end":{"line":324,"column":34}},"80":{"start":{"line":329,"column":4},"end":{"line":329,"column":108}},"81":{"start":{"line":331,"column":4},"end":{"line":334,"column":6}},"82":{"start":{"line":337,"column":4},"end":{"line":337,"column":59}},"83":{"start":{"line":338,"column":4},"end":{"line":338,"column":16}}},"fnMap":{"0":{"name":"withRetry","decl":{"start":{"line":9,"column":22},"end":{"line":9,"column":31}},"loc":{"start":{"line":12,"column":14},"end":{"line":23,"column":1}}},"1":{"name":"(anonymous_2)","decl":{"start":{"line":20,"column":22},"end":{"line":20,"column":29}},"loc":{"start":{"line":20,"column":33},"end":{"line":20,"column":59}}},"2":{"name":"fetchFromMLBApi","decl":{"start":{"line":28,"column":15},"end":{"line":28,"column":30}},"loc":{"start":{"line":28,"column":42},"end":{"line":44,"column":1}}},"3":{"name":"(anonymous_4)","decl":{"start":{"line":29,"column":19},"end":{"line":29,"column":24}},"loc":{"start":{"line":29,"column":30},"end":{"line":43,"column":3}}},"4":{"name":"fetchStandingsFromAPI","decl":{"start":{"line":147,"column":22},"end":{"line":147,"column":43}},"loc":{"start":{"line":147,"column":43},"end":{"line":209,"column":1}}},"5":{"name":"(anonymous_6)","decl":{"start":{"line":172,"column":50},"end":{"line":172,"column":51}},"loc":{"start":{"line":172,"column":59},"end":{"line":176,"column":7}}},"6":{"name":"(anonymous_7)","decl":{"start":{"line":180,"column":68},"end":{"line":180,"column":69}},"loc":{"start":{"line":180,"column":73},"end":{"line":180,"column":93}}},"7":{"name":"fetchGamesFromAPI","decl":{"start":{"line":267,"column":22},"end":{"line":267,"column":39}},"loc":{"start":{"line":267,"column":39},"end":{"line":340,"column":1}}}},"branchMap":{"0":{"loc":{"start":{"line":11,"column":2},"end":{"line":11,"column":13}},"type":"default-arg","locations":[{"start":{"line":11,"column":12},"end":{"line":11,"column":13}}]},"1":{"loc":{"start":{"line":12,"column":2},"end":{"line":12,"column":14}},"type":"default-arg","locations":[{"start":{"line":12,"column":10},"end":{"line":12,"column":14}}]},"2":{"loc":{"start":{"line":17,"column":4},"end":{"line":17,"column":34}},"type":"if","locations":[{"start":{"line":17,"column":4},"end":{"line":17,"column":34}}]},"3":{"loc":{"start":{"line":38,"column":4},"end":{"line":40,"column":5}},"type":"if","locations":[{"start":{"line":38,"column":4},"end":{"line":40,"column":5}}]},"4":{"loc":{"start":{"line":154,"column":4},"end":{"line":156,"column":5}},"type":"if","locations":[{"start":{"line":154,"column":4},"end":{"line":156,"column":5}}]},"5":{"loc":{"start":{"line":160,"column":4},"end":{"line":162,"column":5}},"type":"if","locations":[{"start":{"line":160,"column":4},"end":{"line":162,"column":5}}]},"6":{"loc":{"start":{"line":160,"column":8},"end":{"line":160,"column":50}},"type":"binary-expr","locations":[{"start":{"line":160,"column":8},"end":{"line":160,"column":21}},{"start":{"line":160,"column":25},"end":{"line":160,"column":50}}]},"7":{"loc":{"start":{"line":168,"column":27},"end":{"line":168,"column":85}},"type":"binary-expr","locations":[{"start":{"line":168,"column":27},"end":{"line":168,"column":61}},{"start":{"line":168,"column":65},"end":{"line":168,"column":85}}]},"8":{"loc":{"start":{"line":173,"column":8},"end":{"line":173,"column":43}},"type":"if","locations":[{"start":{"line":173,"column":8},"end":{"line":173,"column":43}}]},"9":{"loc":{"start":{"line":174,"column":8},"end":{"line":174,"column":42}},"type":"if","locations":[{"start":{"line":174,"column":8},"end":{"line":174,"column":42}}]},"10":{"loc":{"start":{"line":181,"column":23},"end":{"line":181,"column":95}},"type":"cond-expr","locations":[{"start":{"line":181,"column":38},"end":{"line":181,"column":83}},{"start":{"line":181,"column":86},"end":{"line":181,"column":95}}]},"11":{"loc":{"start":{"line":194,"column":6},"end":{"line":199,"column":7}},"type":"if","locations":[{"start":{"line":194,"column":6},"end":{"line":199,"column":7}}]},"12":{"loc":{"start":{"line":289,"column":27},"end":{"line":289,"column":43}},"type":"binary-expr","locations":[{"start":{"line":289,"column":27},"end":{"line":289,"column":37}},{"start":{"line":289,"column":41},"end":{"line":289,"column":43}}]},"13":{"loc":{"start":{"line":292,"column":8},"end":{"line":295,"column":9}},"type":"if","locations":[{"start":{"line":292,"column":8},"end":{"line":295,"column":9}}]},"14":{"loc":{"start":{"line":292,"column":12},"end":{"line":292,"column":109}},"type":"binary-expr","locations":[{"start":{"line":292,"column":12},"end":{"line":292,"column":41}},{"start":{"line":292,"column":45},"end":{"line":292,"column":74}},{"start":{"line":292,"column":78},"end":{"line":292,"column":109}}]},"15":{"loc":{"start":{"line":302,"column":25},"end":{"line":302,"column":77}},"type":"binary-expr","locations":[{"start":{"line":302,"column":25},"end":{"line":302,"column":68}},{"start":{"line":302,"column":72},"end":{"line":302,"column":77}}]},"16":{"loc":{"start":{"line":304,"column":25},"end":{"line":304,"column":77}},"type":"binary-expr","locations":[{"start":{"line":304,"column":25},"end":{"line":304,"column":68}},{"start":{"line":304,"column":72},"end":{"line":304,"column":77}}]},"17":{"loc":{"start":{"line":310,"column":8},"end":{"line":325,"column":9}},"type":"if","locations":[{"start":{"line":310,"column":8},"end":{"line":325,"column":9}},{"start":{"line":315,"column":15},"end":{"line":325,"column":9}}]},"18":{"loc":{"start":{"line":311,"column":31},"end":{"line":311,"column":57}},"type":"binary-expr","locations":[{"start":{"line":311,"column":31},"end":{"line":311,"column":52}},{"start":{"line":311,"column":56},"end":{"line":311,"column":57}}]},"19":{"loc":{"start":{"line":312,"column":31},"end":{"line":312,"column":57}},"type":"binary-expr","locations":[{"start":{"line":312,"column":31},"end":{"line":312,"column":52}},{"start":{"line":312,"column":56},"end":{"line":312,"column":57}}]},"20":{"loc":{"start":{"line":315,"column":15},"end":{"line":325,"column":9}},"type":"if","locations":[{"start":{"line":315,"column":15},"end":{"line":325,"column":9}}]},"21":{"loc":{"start":{"line":315,"column":19},"end":{"line":315,"column":82}},"type":"binary-expr","locations":[{"start":{"line":315,"column":19},"end":{"line":315,"column":50}},{"start":{"line":315,"column":54},"end":{"line":315,"column":82}}]},"22":{"loc":{"start":{"line":323,"column":28},"end":{"line":323,"column":79}},"type":"cond-expr","locations":[{"start":{"line":323,"column":59},"end":{"line":323,"column":65}},{"start":{"line":323,"column":68},"end":{"line":323,"column":79}}]}},"s":{"0":2,"1":2,"2":2,"3":2,"4":0,"5":0,"6":0,"7":0,"8":0,"9":0,"10":0,"11":0,"12":0,"13":0,"14":0,"15":0,"16":0,"17":0,"18":2,"19":2,"20":0,"21":0,"22":0,"23":0,"24":0,"25":0,"26":0,"27":0,"28":0,"29":0,"30":0,"31":0,"32":0,"33":0,"34":0,"35":0,"36":0,"37":0,"38":0,"39":0,"40":0,"41":0,"42":0,"43":0,"44":0,"45":0,"46":0,"47":0,"48":0,"49":0,"50":0,"51":0,"52":0,"53":0,"54":0,"55":0,"56":0,"57":0,"58":0,"59":0,"60":0,"61":0,"62":0,"63":0,"64":0,"65":0,"66":0,"67":0,"68":0,"69":0,"70":0,"71":0,"72":0,"73":0,"74":0,"75":0,"76":0,"77":0,"78":0,"79":0,"80":0,"81":0,"82":0,"83":0},"f":{"0":0,"1":0,"2":0,"3":0,"4":0,"5":0,"6":0,"7":0},"b":{"0":[0],"1":[0],"2":[0],"3":[0],"4":[0],"5":[0],"6":[0,0],"7":[0,0],"8":[0],"9":[0],"10":[0,0],"11":[0],"12":[0,0],"13":[0],"14":[0,0,0],"15":[0,0],"16":[0,0],"17":[0,0],"18":[0,0],"19":[0,0],"20":[0],"21":[0,0],"22":[0,0]}}
,"/Users/coletrammell/Documents/GitHub/The Cycle/src/react-backend/src/services/dataService.ts": {"path":"/Users/coletrammell/Documents/GitHub/The Cycle/src/react-backend/src/services/dataService.ts","statementMap":{"0":{"start":{"line":15,"column":0},"end":{"line":15,"column":16}},"1":{"start":{"line":23,"column":0},"end":{"line":23,"column":16}},"2":{"start":{"line":40,"column":0},"end":{"line":40,"column":16}},"3":{"start":{"line":65,"column":0},"end":{"line":65,"column":16}},"4":{"start":{"line":90,"column":0},"end":{"line":90,"column":7}},"5":{"start":{"line":139,"column":0},"end":{"line":139,"column":16}},"6":{"start":{"line":153,"column":0},"end":{"line":153,"column":16}},"7":{"start":{"line":1,"column":0},"end":{"line":1,"column":20}},"8":{"start":{"line":2,"column":0},"end":{"line":2,"column":24}},"9":{"start":{"line":5,"column":17},"end":{"line":5,"column":51}},"10":{"start":{"line":8,"column":0},"end":{"line":10,"column":1}},"11":{"start":{"line":9,"column":2},"end":{"line":9,"column":46}},"12":{"start":{"line":16,"column":19},"end":{"line":16,"column":48}},"13":{"start":{"line":17,"column":2},"end":{"line":17,"column":60}},"14":{"start":{"line":24,"column":19},"end":{"line":24,"column":48}},"15":{"start":{"line":26,"column":2},"end":{"line":29,"column":3}},"16":{"start":{"line":27,"column":17},"end":{"line":27,"column":50}},"17":{"start":{"line":28,"column":4},"end":{"line":28,"column":33}},"18":{"start":{"line":31,"column":2},"end":{"line":31,"column":14}},"19":{"start":{"line":41,"column":19},"end":{"line":41,"column":43}},"20":{"start":{"line":42,"column":19},"end":{"line":42,"column":48}},"21":{"start":{"line":44,"column":37},"end":{"line":44,"column":39}},"22":{"start":{"line":47,"column":2},"end":{"line":50,"column":3}},"23":{"start":{"line":48,"column":25},"end":{"line":48,"column":58}},"24":{"start":{"line":49,"column":4},"end":{"line":49,"column":36}},"25":{"start":{"line":53,"column":2},"end":{"line":53,"column":21}},"26":{"start":{"line":56,"column":2},"end":{"line":56,"column":60}},"27":{"start":{"line":66,"column":19},"end":{"line":66,"column":43}},"28":{"start":{"line":67,"column":19},"end":{"line":67,"column":48}},"29":{"start":{"line":69,"column":2},"end":{"line":72,"column":3}},"30":{"start":{"line":71,"column":4},"end":{"line":71,"column":32}},"31":{"start":{"line":74,"column":15},"end":{"line":74,"column":48}},"32":{"start":{"line":75,"column":20},"end":{"line":75,"column":62}},"33":{"start":{"line":78,"column":22},"end":{"line":78,"column":51}},"34":{"start":{"line":81,"column":22},"end":{"line":81,"column":47}},"35":{"start":{"line":84,"column":2},"end":{"line":84,"column":50}},"36":{"start":{"line":84,"column":33},"end":{"line":84,"column":48}},"37":{"start":{"line":92,"column":35},"end":{"line":92,"column":37}},"38":{"start":{"line":94,"column":28},"end":{"line":94,"column":30}},"39":{"start":{"line":98,"column":2},"end":{"line":113,"column":5}},"40":{"start":{"line":99,"column":4},"end":{"line":112,"column":7}},"41":{"start":{"line":100,"column":6},"end":{"line":105,"column":7}},"42":{"start":{"line":101,"column":20},"end":{"line":101,"column":42}},"43":{"start":{"line":102,"column":8},"end":{"line":104,"column":9}},"44":{"start":{"line":103,"column":10},"end":{"line":103,"column":35}},"45":{"start":{"line":106,"column":6},"end":{"line":111,"column":7}},"46":{"start":{"line":107,"column":20},"end":{"line":107,"column":42}},"47":{"start":{"line":108,"column":8},"end":{"line":110,"column":9}},"48":{"start":{"line":109,"column":10},"end":{"line":109,"column":28}},"49":{"start":{"line":116,"column":16},"end":{"line":116,"column":54}},"50":{"start":{"line":119,"column":2},"end":{"line":122,"column":3}},"51":{"start":{"line":120,"column":18},"end":{"line":120,"column":91}},"52":{"start":{"line":120,"column":54},"end":{"line":120,"column":63}},"53":{"start":{"line":121,"column":4},"end":{"line":121,"column":48}},"54":{"start":{"line":125,"column":2},"end":{"line":128,"column":3}},"55":{"start":{"line":126,"column":19},"end":{"line":126,"column":78}},"56":{"start":{"line":126,"column":48},"end":{"line":126,"column":57}},"57":{"start":{"line":127,"column":4},"end":{"line":127,"column":41}},"58":{"start":{"line":140,"column":20},"end":{"line":143,"column":4}},"59":{"start":{"line":145,"column":2},"end":{"line":145,"column":44}},"60":{"start":{"line":154,"column":2},"end":{"line":171,"column":3}},"61":{"start":{"line":155,"column":22},"end":{"line":155,"column":85}},"62":{"start":{"line":157,"column":4},"end":{"line":157,"column":32}},"63":{"start":{"line":157,"column":20},"end":{"line":157,"column":32}},"64":{"start":{"line":160,"column":24},"end":{"line":160,"column":51}},"65":{"start":{"line":161,"column":4},"end":{"line":164,"column":5}},"66":{"start":{"line":162,"column":6},"end":{"line":162,"column":50}},"67":{"start":{"line":163,"column":6},"end":{"line":163,"column":18}},"68":{"start":{"line":166,"column":4},"end":{"line":166,"column":94}},"69":{"start":{"line":167,"column":4},"end":{"line":167,"column":26}},"70":{"start":{"line":169,"column":4},"end":{"line":169,"column":63}},"71":{"start":{"line":170,"column":4},"end":{"line":170,"column":16}},"72":{"start":{"line":178,"column":15},"end":{"line":178,"column":49}},"73":{"start":{"line":179,"column":18},"end":{"line":179,"column":42}},"74":{"start":{"line":181,"column":2},"end":{"line":183,"column":3}},"75":{"start":{"line":182,"column":4},"end":{"line":182,"column":35}},"76":{"start":{"line":185,"column":16},"end":{"line":185,"column":40}},"77":{"start":{"line":186,"column":2},"end":{"line":186,"column":29}}},"fnMap":{"0":{"name":"storeData","decl":{"start":{"line":15,"column":16},"end":{"line":15,"column":25}},"loc":{"start":{"line":15,"column":54},"end":{"line":18,"column":1}}},"1":{"name":"retrieveData","decl":{"start":{"line":23,"column":16},"end":{"line":23,"column":28}},"loc":{"start":{"line":23,"column":48},"end":{"line":32,"column":1}}},"2":{"name":"storeTrendData","decl":{"start":{"line":40,"column":16},"end":{"line":40,"column":30}},"loc":{"start":{"line":40,"column":76},"end":{"line":57,"column":1}}},"3":{"name":"getTrendData","decl":{"start":{"line":65,"column":16},"end":{"line":65,"column":28}},"loc":{"start":{"line":65,"column":64},"end":{"line":85,"column":1}}},"4":{"name":"(anonymous_5)","decl":{"start":{"line":84,"column":25},"end":{"line":84,"column":29}},"loc":{"start":{"line":84,"column":33},"end":{"line":84,"column":48}}},"5":{"name":"calculateDailyTrends","decl":{"start":{"line":90,"column":22},"end":{"line":90,"column":42}},"loc":{"start":{"line":90,"column":63},"end":{"line":131,"column":1}}},"6":{"name":"(anonymous_7)","decl":{"start":{"line":98,"column":26},"end":{"line":98,"column":27}},"loc":{"start":{"line":98,"column":40},"end":{"line":113,"column":3}}},"7":{"name":"(anonymous_8)","decl":{"start":{"line":99,"column":25},"end":{"line":99,"column":26}},"loc":{"start":{"line":99,"column":41},"end":{"line":112,"column":5}}},"8":{"name":"(anonymous_9)","decl":{"start":{"line":120,"column":40},"end":{"line":120,"column":41}},"loc":{"start":{"line":120,"column":54},"end":{"line":120,"column":63}}},"9":{"name":"(anonymous_10)","decl":{"start":{"line":126,"column":34},"end":{"line":126,"column":35}},"loc":{"start":{"line":126,"column":48},"end":{"line":126,"column":57}}},"10":{"name":"cacheData","decl":{"start":{"line":139,"column":16},"end":{"line":139,"column":25}},"loc":{"start":{"line":139,"column":81},"end":{"line":146,"column":1}}},"11":{"name":"getCachedData","decl":{"start":{"line":153,"column":16},"end":{"line":153,"column":29}},"loc":{"start":{"line":153,"column":44},"end":{"line":172,"column":1}}},"12":{"name":"formatTimeRemaining","decl":{"start":{"line":177,"column":9},"end":{"line":177,"column":28}},"loc":{"start":{"line":177,"column":46},"end":{"line":187,"column":1}}}},"branchMap":{"0":{"loc":{"start":{"line":8,"column":0},"end":{"line":10,"column":1}},"type":"if","locations":[{"start":{"line":8,"column":0},"end":{"line":10,"column":1}}]},"1":{"loc":{"start":{"line":26,"column":2},"end":{"line":29,"column":3}},"type":"if","locations":[{"start":{"line":26,"column":2},"end":{"line":29,"column":3}}]},"2":{"loc":{"start":{"line":47,"column":2},"end":{"line":50,"column":3}},"type":"if","locations":[{"start":{"line":47,"column":2},"end":{"line":50,"column":3}}]},"3":{"loc":{"start":{"line":65,"column":47},"end":{"line":65,"column":64}},"type":"default-arg","locations":[{"start":{"line":65,"column":63},"end":{"line":65,"column":64}}]},"4":{"loc":{"start":{"line":69,"column":2},"end":{"line":72,"column":3}},"type":"if","locations":[{"start":{"line":69,"column":2},"end":{"line":72,"column":3}}]},"5":{"loc":{"start":{"line":100,"column":6},"end":{"line":105,"column":7}},"type":"if","locations":[{"start":{"line":100,"column":6},"end":{"line":105,"column":7}}]},"6":{"loc":{"start":{"line":102,"column":8},"end":{"line":104,"column":9}},"type":"if","locations":[{"start":{"line":102,"column":8},"end":{"line":104,"column":9}}]},"7":{"loc":{"start":{"line":106,"column":6},"end":{"line":111,"column":7}},"type":"if","locations":[{"start":{"line":106,"column":6},"end":{"line":111,"column":7}}]},"8":{"loc":{"start":{"line":108,"column":8},"end":{"line":110,"column":9}},"type":"if","locations":[{"start":{"line":108,"column":8},"end":{"line":110,"column":9}}]},"9":{"loc":{"start":{"line":119,"column":2},"end":{"line":122,"column":3}},"type":"if","locations":[{"start":{"line":119,"column":2},"end":{"line":122,"column":3}}]},"10":{"loc":{"start":{"line":125,"column":2},"end":{"line":128,"column":3}},"type":"if","locations":[{"start":{"line":125,"column":2},"end":{"line":128,"column":3}}]},"11":{"loc":{"start":{"line":139,"column":51},"end":{"line":139,"column":81}},"type":"default-arg","locations":[{"start":{"line":139,"column":79},"end":{"line":139,"column":81}}]},"12":{"loc":{"start":{"line":157,"column":4},"end":{"line":157,"column":32}},"type":"if","locations":[{"start":{"line":157,"column":4},"end":{"line":157,"column":32}}]},"13":{"loc":{"start":{"line":161,"column":4},"end":{"line":164,"column":5}},"type":"if","locations":[{"start":{"line":161,"column":4},"end":{"line":164,"column":5}}]},"14":{"loc":{"start":{"line":181,"column":2},"end":{"line":183,"column":3}},"type":"if","locations":[{"start":{"line":181,"column":2},"end":{"line":183,"column":3}}]}},"s":{"0":2,"1":2,"2":2,"3":2,"4":2,"5":2,"6":2,"7":2,"8":2,"9":2,"10":2,"11":0,"12":0,"13":0,"14":6,"15":6,"16":6,"17":6,"18":0,"19":0,"20":0,"21":0,"22":0,"23":0,"24":0,"25":0,"26":0,"27":0,"28":0,"29":0,"30":0,"31":0,"32":0,"33":0,"34":0,"35":0,"36":0,"37":0,"38":0,"39":0,"40":0,"41":0,"42":0,"43":0,"44":0,"45":0,"46":0,"47":0,"48":0,"49":0,"50":0,"51":0,"52":0,"53":0,"54":0,"55":0,"56":0,"57":0,"58":0,"59":0,"60":6,"61":6,"62":6,"63":0,"64":6,"65":6,"66":1,"67":1,"68":5,"69":5,"70":0,"71":0,"72":5,"73":5,"74":5,"75":4,"76":1,"77":1},"f":{"0":0,"1":6,"2":0,"3":0,"4":0,"5":0,"6":0,"7":0,"8":0,"9":0,"10":0,"11":6,"12":5},"b":{"0":[0],"1":[6],"2":[0],"3":[0],"4":[0],"5":[0],"6":[0],"7":[0],"8":[0],"9":[0],"10":[0],"11":[0],"12":[0],"13":[1],"14":[4]}}
}
