TN:
SF:src/scrapers/gamesScraper.ts
FN:42,scrapeGames
FN:57,(anonymous_11)
FN:62,(anonymous_12)
FN:67,(anonymous_13)
FN:100,(anonymous_14)
FN:103,(anonymous_15)
FN:145,(anonymous_16)
FN:146,(anonymous_17)
FN:184,scrapeRecentGames
FN:194,(anonymous_19)
FN:214,(anonymous_20)
FN:290,scrapeUpcomingGames
FN:300,(anonymous_22)
FN:322,(anonymous_23)
FN:386,getTeamCodeFromName
FNF:15
FNH:1
FNDA:4,scrapeGames
FNDA:0,(anonymous_11)
FNDA:0,(anonymous_12)
FNDA:0,(anonymous_13)
FNDA:0,(anonymous_14)
FNDA:0,(anonymous_15)
FNDA:0,(anonymous_16)
FNDA:0,(anonymous_17)
FNDA:0,scrapeRecentGames
FNDA:0,(anonymous_19)
FNDA:0,(anonymous_20)
FNDA:0,scrapeUpcomingGames
FNDA:0,(anonymous_22)
FNDA:0,(anonymous_23)
FNDA:0,getTeamCodeFromName
DA:1,2
DA:2,2
DA:3,2
DA:4,2
DA:7,2
DA:42,2
DA:43,4
DA:44,4
DA:47,4
DA:48,4
DA:49,4
DA:50,4
DA:54,0
DA:55,0
DA:57,0
DA:58,0
DA:61,0
DA:62,0
DA:67,0
DA:73,0
DA:74,0
DA:78,0
DA:81,0
DA:82,0
DA:84,0
DA:85,0
DA:88,0
DA:90,0
DA:92,0
DA:93,0
DA:97,0
DA:100,0
DA:101,0
DA:104,0
DA:106,0
DA:107,0
DA:110,0
DA:111,0
DA:112,0
DA:119,0
DA:120,0
DA:121,0
DA:123,0
DA:124,0
DA:125,0
DA:128,0
DA:133,0
DA:134,0
DA:137,0
DA:139,0
DA:140,0
DA:146,0
DA:151,0
DA:152,0
DA:155,0
DA:156,0
DA:158,0
DA:159,0
DA:163,0
DA:168,0
DA:170,0
DA:171,0
DA:174,0
DA:176,0
DA:177,0
DA:185,0
DA:187,0
DA:188,0
DA:189,0
DA:190,0
DA:194,0
DA:195,0
DA:201,0
DA:202,0
DA:205,0
DA:207,0
DA:209,0
DA:212,0
DA:214,0
DA:215,0
DA:217,0
DA:218,0
DA:220,0
DA:221,0
DA:223,0
DA:224,0
DA:227,0
DA:230,0
DA:231,0
DA:233,0
DA:234,0
DA:236,0
DA:240,0
DA:241,0
DA:242,0
DA:243,0
DA:247,0
DA:248,0
DA:249,0
DA:251,0
DA:253,0
DA:254,0
DA:266,0
DA:268,0
DA:273,0
DA:274,0
DA:275,0
DA:277,0
DA:280,0
DA:282,0
DA:283,0
DA:291,0
DA:293,0
DA:294,0
DA:295,0
DA:296,0
DA:300,0
DA:301,0
DA:307,0
DA:308,0
DA:311,0
DA:313,0
DA:315,0
DA:316,0
DA:317,0
DA:320,0
DA:322,0
DA:323,0
DA:325,0
DA:327,0
DA:328,0
DA:329,0
DA:330,0
DA:333,0
DA:334,0
DA:335,0
DA:336,0
DA:337,0
DA:341,0
DA:344,0
DA:345,0
DA:346,0
DA:348,0
DA:358,0
DA:360,0
DA:365,0
DA:366,0
DA:367,0
DA:369,0
DA:372,0
DA:374,0
DA:375,0
DA:380,2
DA:388,0
DA:389,0
DA:393,0
DA:428,0
DA:429,0
DA:434,0
DA:436,0
LF:160
LH:13
BRDA:48,0,0,4
BRDA:64,1,0,0
BRDA:64,1,1,0
BRDA:65,2,0,0
BRDA:65,2,1,0
BRDA:69,3,0,0
BRDA:69,3,1,0
BRDA:73,4,0,0
BRDA:73,5,0,0
BRDA:73,5,1,0
BRDA:81,6,0,0
BRDA:84,7,0,0
BRDA:110,8,0,0
BRDA:110,9,0,0
BRDA:110,9,1,0
BRDA:120,10,0,0
BRDA:120,10,1,0
BRDA:124,11,0,0
BRDA:124,11,1,0
BRDA:133,12,0,0
BRDA:133,13,0,0
BRDA:133,13,1,0
BRDA:158,14,0,0
BRDA:158,15,0,0
BRDA:158,15,1,0
BRDA:159,16,0,0
BRDA:159,16,1,0
BRDA:159,17,0,0
BRDA:159,17,1,0
BRDA:160,18,0,0
BRDA:160,18,1,0
BRDA:164,19,0,0
BRDA:164,19,1,0
BRDA:165,20,0,0
BRDA:165,20,1,0
BRDA:188,21,0,0
BRDA:201,22,0,0
BRDA:223,23,0,0
BRDA:223,23,1,0
BRDA:224,24,0,0
BRDA:227,25,0,0
BRDA:231,26,0,0
BRDA:236,27,0,0
BRDA:236,28,0,0
BRDA:236,28,1,0
BRDA:241,29,0,0
BRDA:248,30,0,0
BRDA:253,31,0,0
BRDA:253,32,0,0
BRDA:253,32,1,0
BRDA:253,32,2,0
BRDA:253,32,3,0
BRDA:266,33,0,0
BRDA:273,34,0,0
BRDA:273,34,1,0
BRDA:294,35,0,0
BRDA:307,36,0,0
BRDA:328,37,0,0
BRDA:328,37,1,0
BRDA:335,38,0,0
BRDA:341,39,0,0
BRDA:341,40,0,0
BRDA:341,40,1,0
BRDA:358,41,0,0
BRDA:365,42,0,0
BRDA:365,42,1,0
BRDA:388,43,0,0
BRDA:429,44,0,0
BRDA:429,44,1,0
BRDA:429,44,2,0
BRF:70
BRH:1
end_of_record
TN:
SF:src/scrapers/mlbStatsApiService.ts
FN:9,withRetry
FN:20,(anonymous_2)
FN:28,fetchFromMLBApi
FN:29,(anonymous_4)
FN:147,fetchStandingsFromAPI
FN:172,(anonymous_6)
FN:180,(anonymous_7)
FN:267,fetchGamesFromAPI
FNF:8
FNH:0
FNDA:0,withRetry
FNDA:0,(anonymous_2)
FNDA:0,fetchFromMLBApi
FNDA:0,(anonymous_4)
FNDA:0,fetchStandingsFromAPI
FNDA:0,(anonymous_6)
FNDA:0,(anonymous_7)
FNDA:0,fetchGamesFromAPI
DA:1,2
DA:9,2
DA:14,0
DA:15,0
DA:17,0
DA:19,0
DA:20,0
DA:21,0
DA:29,0
DA:30,0
DA:31,0
DA:38,0
DA:39,0
DA:42,0
DA:47,2
DA:134,2
DA:147,2
DA:148,0
DA:149,0
DA:152,0
DA:154,0
DA:155,0
DA:158,0
DA:160,0
DA:161,0
DA:164,0
DA:167,0
DA:168,0
DA:169,0
DA:172,0
DA:173,0
DA:174,0
DA:175,0
DA:178,0
DA:180,0
DA:181,0
DA:183,0
DA:194,0
DA:195,0
DA:202,0
DA:203,0
DA:206,0
DA:207,0
DA:267,2
DA:268,0
DA:269,0
DA:272,0
DA:273,0
DA:274,0
DA:275,0
DA:276,0
DA:278,0
DA:279,0
DA:282,0
DA:283,0
DA:285,0
DA:286,0
DA:289,0
DA:290,0
DA:292,0
DA:293,0
DA:294,0
DA:297,0
DA:298,0
DA:300,0
DA:310,0
DA:311,0
DA:312,0
DA:313,0
DA:314,0
DA:315,0
DA:317,0
DA:322,0
DA:323,0
DA:324,0
DA:329,0
DA:331,0
DA:337,0
DA:338,0
LF:79
LH:6
BRDA:11,0,0,0
BRDA:12,1,0,0
BRDA:17,2,0,0
BRDA:38,3,0,0
BRDA:154,4,0,0
BRDA:160,5,0,0
BRDA:160,6,0,0
BRDA:160,6,1,0
BRDA:168,7,0,0
BRDA:168,7,1,0
BRDA:173,8,0,0
BRDA:174,9,0,0
BRDA:181,10,0,0
BRDA:181,10,1,0
BRDA:194,11,0,0
BRDA:289,12,0,0
BRDA:289,12,1,0
BRDA:292,13,0,0
BRDA:292,14,0,0
BRDA:292,14,1,0
BRDA:292,14,2,0
BRDA:302,15,0,0
BRDA:302,15,1,0
BRDA:304,16,0,0
BRDA:304,16,1,0
BRDA:310,17,0,0
BRDA:310,17,1,0
BRDA:311,18,0,0
BRDA:311,18,1,0
BRDA:312,19,0,0
BRDA:312,19,1,0
BRDA:315,20,0,0
BRDA:315,21,0,0
BRDA:315,21,1,0
BRDA:323,22,0,0
BRDA:323,22,1,0
BRF:36
BRH:0
end_of_record
TN:
SF:src/services/dataService.ts
FN:15,storeData
FN:23,retrieveData
FN:40,storeTrendData
FN:65,getTrendData
FN:84,(anonymous_5)
FN:90,calculateDailyTrends
FN:98,(anonymous_7)
FN:99,(anonymous_8)
FN:120,(anonymous_9)
FN:126,(anonymous_10)
FN:139,cacheData
FN:153,getCachedData
FN:177,formatTimeRemaining
FNF:13
FNH:3
FNDA:0,storeData
FNDA:6,retrieveData
FNDA:0,storeTrendData
FNDA:0,getTrendData
FNDA:0,(anonymous_5)
FNDA:0,calculateDailyTrends
FNDA:0,(anonymous_7)
FNDA:0,(anonymous_8)
FNDA:0,(anonymous_9)
FNDA:0,(anonymous_10)
FNDA:0,cacheData
FNDA:6,getCachedData
FNDA:6,formatTimeRemaining
DA:1,2
DA:2,2
DA:5,2
DA:8,2
DA:9,0
DA:15,2
DA:16,0
DA:17,0
DA:23,2
DA:24,6
DA:26,6
DA:27,6
DA:28,6
DA:31,0
DA:40,2
DA:41,0
DA:42,0
DA:44,0
DA:47,0
DA:48,0
DA:49,0
DA:53,0
DA:56,0
DA:65,2
DA:66,0
DA:67,0
DA:69,0
DA:71,0
DA:74,0
DA:75,0
DA:78,0
DA:81,0
DA:84,0
DA:90,2
DA:92,0
DA:94,0
DA:98,0
DA:99,0
DA:100,0
DA:101,0
DA:102,0
DA:103,0
DA:106,0
DA:107,0
DA:108,0
DA:109,0
DA:116,0
DA:119,0
DA:120,0
DA:121,0
DA:125,0
DA:126,0
DA:127,0
DA:139,2
DA:140,0
DA:145,0
DA:153,2
DA:154,6
DA:155,6
DA:157,6
DA:160,6
DA:161,6
DA:162,0
DA:163,0
DA:166,6
DA:167,6
DA:169,0
DA:170,0
DA:178,6
DA:179,6
DA:181,6
DA:182,1
DA:185,5
DA:186,5
LF:74
LH:28
BRDA:8,0,0,0
BRDA:26,1,0,6
BRDA:47,2,0,0
BRDA:65,3,0,0
BRDA:69,4,0,0
BRDA:100,5,0,0
BRDA:102,6,0,0
BRDA:106,7,0,0
BRDA:108,8,0,0
BRDA:119,9,0,0
BRDA:125,10,0,0
BRDA:139,11,0,0
BRDA:157,12,0,0
BRDA:161,13,0,0
BRDA:181,14,0,1
BRF:15
BRH:2
end_of_record
